This is pdfTeX, Version 3.141592653-2.6-1.40.25 (MiKTeX 23.10) (preloaded format=pdflatex 2023.12.5)  7 APR 2026 13:15
entering extended mode
 restricted \write18 enabled.
 %&-line parsing enabled.
**./research_progress_03_04_2026.tex
(research_progress_03_04_2026.tex
LaTeX2e <2023-06-01> patch level 1
L3 programming layer <2023-08-29>
(C:\Users\rajas\AppData\Local\Programs\MiKTeX\tex/latex/base\report.cls
Document Class: report 2023/05/17 v1.4n Standard LaTeX document class
(C:\Users\rajas\AppData\Local\Programs\MiKTeX\tex/latex/base\size12.clo
File: size12.clo 2023/05/17 v1.4n Standard LaTeX file (size option)
)
\c@part=\count185
\c@chapter=\count186
\c@section=\count187
\c@subsection=\count188
\c@subsubsection=\count189
\c@paragraph=\count190
\c@subparagraph=\count191
\c@figure=\count192
\c@table=\count193
\abovecaptionskip=\skip48
\belowcaptionskip=\skip49
\bibindent=\dimen140
)
(C:\Users\rajas\AppData\Local\Programs\MiKTeX\tex/latex/geometry\geometry.sty
Package: geometry 2020/01/02 v5.9 Page Geometry

(C:\Users\rajas\AppData\Local\Programs\MiKTeX\tex/latex/graphics\keyval.sty
Package: keyval 2022/05/29 v1.15 key=value parser (DPC)
\KV@toks@=\toks17
)
(C:\Users\rajas\AppData\Local\Programs\MiKTeX\tex/generic/iftex\ifvtex.sty
Package: ifvtex 2019/10/25 v1.7 ifvtex legacy package. Use iftex instead.

(C:\Users\rajas\AppData\Local\Programs\MiKTeX\tex/generic/iftex\iftex.sty
Package: iftex 2022/02/03 v1.0f TeX engine tests
))
\Gm@cnth=\count194
\Gm@cntv=\count195
\c@Gm@tempcnt=\count196
\Gm@bindingoffset=\dimen141
\Gm@wd@mp=\dimen142
\Gm@odd@mp=\dimen143
\Gm@even@mp=\dimen144
\Gm@layoutwidth=\dimen145
\Gm@layoutheight=\dimen146
\Gm@layouthoffset=\dimen147
\Gm@layoutvoffset=\dimen148
\Gm@dimlist=\toks18

(C:\Users\rajas\AppData\Local\Programs\MiKTeX\tex/latex/geometry\geometry.cfg))
(C:\Users\rajas\AppData\Local\Programs\MiKTeX\tex/latex/graphics\graphicx.sty
Package: graphicx 2021/09/16 v1.2d Enhanced LaTeX Graphics (DPC,SPQR)

(C:\Users\rajas\AppData\Local\Programs\MiKTeX\tex/latex/graphics\graphics.sty
Package: graphics 2022/03/10 v1.4e Standard LaTeX Graphics (DPC,SPQR)

(C:\Users\rajas\AppData\Local\Programs\MiKTeX\tex/latex/graphics\trig.sty
Package: trig 2021/08/11 v1.11 sin cos tan (DPC)
)
(C:\Users\rajas\AppData\Local\Programs\MiKTeX\tex/latex/graphics-cfg\graphics.c
fg
File: graphics.cfg 2016/06/04 v1.11 sample graphics configuration
)
Package graphics Info: Driver file: pdftex.def on input line 107.

(C:\Users\rajas\AppData\Local\Programs\MiKTeX\tex/latex/graphics-def\pdftex.def
File: pdftex.def 2022/09/22 v1.2b Graphics/color driver for pdftex
))
\Gin@req@height=\dimen149
\Gin@req@width=\dimen150
) (C:\Users\rajas\AppData\Local\Programs\MiKTeX\tex/latex/amsmath\amsmath.sty
Package: amsmath 2023/05/13 v2.17o AMS math features
\@mathmargin=\skip50
For additional information on amsmath, use the `?' option.
(C:\Users\rajas\AppData\Local\Programs\MiKTeX\tex/latex/amsmath\amstext.sty
Package: amstext 2021/08/26 v2.01 AMS text

(C:\Users\rajas\AppData\Local\Programs\MiKTeX\tex/latex/amsmath\amsgen.sty
File: amsgen.sty 1999/11/30 v2.0 generic functions
\@emptytoks=\toks19
\ex@=\dimen151
))
(C:\Users\rajas\AppData\Local\Programs\MiKTeX\tex/latex/amsmath\amsbsy.sty
Package: amsbsy 1999/11/29 v1.2d Bold Symbols
\pmbraise@=\dimen152
)
(C:\Users\rajas\AppData\Local\Programs\MiKTeX\tex/latex/amsmath\amsopn.sty
Package: amsopn 2022/04/08 v2.04 operator names
)
\inf@bad=\count197
LaTeX Info: Redefining \frac on input line 234.
\uproot@=\count198
\leftroot@=\count199
LaTeX Info: Redefining \overline on input line 399.
LaTeX Info: Redefining \colon on input line 410.
\classnum@=\count266
\DOTSCASE@=\count267
LaTeX Info: Redefining \ldots on input line 496.
LaTeX Info: Redefining \dots on input line 499.
LaTeX Info: Redefining \cdots on input line 620.
\Mathstrutbox@=\box51
\strutbox@=\box52
LaTeX Info: Redefining \big on input line 722.
LaTeX Info: Redefining \Big on input line 723.
LaTeX Info: Redefining \bigg on input line 724.
LaTeX Info: Redefining \Bigg on input line 725.
\big@size=\dimen153
LaTeX Font Info:    Redeclaring font encoding OML on input line 743.
LaTeX Font Info:    Redeclaring font encoding OMS on input line 744.
\macc@depth=\count268
LaTeX Info: Redefining \bmod on input line 905.
LaTeX Info: Redefining \pmod on input line 910.
LaTeX Info: Redefining \smash on input line 940.
LaTeX Info: Redefining \relbar on input line 970.
LaTeX Info: Redefining \Relbar on input line 971.
\c@MaxMatrixCols=\count269
\dotsspace@=\muskip16
\c@parentequation=\count270
\dspbrk@lvl=\count271
\tag@help=\toks20
\row@=\count272
\column@=\count273
\maxfields@=\count274
\andhelp@=\toks21
\eqnshift@=\dimen154
\alignsep@=\dimen155
\tagshift@=\dimen156
\tagwidth@=\dimen157
\totwidth@=\dimen158
\lineht@=\dimen159
\@envbody=\toks22
\multlinegap=\skip51
\multlinetaggap=\skip52
\mathdisplay@stack=\toks23
LaTeX Info: Redefining \[ on input line 2953.
LaTeX Info: Redefining \] on input line 2954.
)
(C:\Users\rajas\AppData\Local\Programs\MiKTeX\tex/latex/hyperref\hyperref.sty
Package: hyperref 2023-07-08 v7.01b Hypertext links for LaTeX

(C:\Users\rajas\AppData\Local\Programs\MiKTeX\tex/generic/ltxcmds\ltxcmds.sty
Package: ltxcmds 2020-05-10 v1.25 LaTeX kernel commands for general use (HO)
)
(C:\Users\rajas\AppData\Local\Programs\MiKTeX\tex/generic/pdftexcmds\pdftexcmds
.sty
Package: pdftexcmds 2020-06-27 v0.33 Utility functions of pdfTeX for LuaTeX (HO
)

(C:\Users\rajas\AppData\Local\Programs\MiKTeX\tex/generic/infwarerr\infwarerr.s
ty
Package: infwarerr 2019/12/03 v1.5 Providing info/warning/error messages (HO)
)
Package pdftexcmds Info: \pdf@primitive is available.
Package pdftexcmds Info: \pdf@ifprimitive is available.
Package pdftexcmds Info: \pdfdraftmode found.
)
(C:\Users\rajas\AppData\Local\Programs\MiKTeX\tex/latex/kvsetkeys\kvsetkeys.sty
Package: kvsetkeys 2022-10-05 v1.19 Key value parser (HO)
)
(C:\Users\rajas\AppData\Local\Programs\MiKTeX\tex/generic/kvdefinekeys\kvdefine
keys.sty
Package: kvdefinekeys 2019-12-19 v1.6 Define keys (HO)
)
(C:\Users\rajas\AppData\Local\Programs\MiKTeX\tex/generic/pdfescape\pdfescape.s
ty
Package: pdfescape 2019/12/09 v1.15 Implements pdfTeX's escape features (HO)
) (C:\Users\rajas\AppData\Local\Programs\MiKTeX\tex/latex/hycolor\hycolor.sty
Package: hycolor 2020-01-27 v1.10 Color options for hyperref/bookmark (HO)
)
(C:\Users\rajas\AppData\Local\Programs\MiKTeX\tex/latex/letltxmacro\letltxmacro
.sty
Package: letltxmacro 2019/12/03 v1.6 Let assignment for LaTeX macros (HO)
)
(C:\Users\rajas\AppData\Local\Programs\MiKTeX\tex/latex/auxhook\auxhook.sty
Package: auxhook 2019-12-17 v1.6 Hooks for auxiliary files (HO)
)
(C:\Users\rajas\AppData\Local\Programs\MiKTeX\tex/latex/hyperref\nameref.sty
Package: nameref 2023-08-07 v2.53 Cross-referencing by name of section

(C:\Users\rajas\AppData\Local\Programs\MiKTeX\tex/latex/refcount\refcount.sty
Package: refcount 2019/12/15 v3.6 Data extraction from label references (HO)
)
(C:\Users\rajas\AppData\Local\Programs\MiKTeX\tex/generic/gettitlestring\gettit
lestring.sty
Package: gettitlestring 2019/12/15 v1.6 Cleanup title references (HO)

(C:\Users\rajas\AppData\Local\Programs\MiKTeX\tex/latex/kvoptions\kvoptions.sty
Package: kvoptions 2022-06-15 v3.15 Key value format for package options (HO)
))
\c@section@level=\count275
)
(C:\Users\rajas\AppData\Local\Programs\MiKTeX\tex/latex/etoolbox\etoolbox.sty
Package: etoolbox 2020/10/05 v2.5k e-TeX tools for LaTeX (JAW)
\etb@tempcnta=\count276
)
\@linkdim=\dimen160
\Hy@linkcounter=\count277
\Hy@pagecounter=\count278

(C:\Users\rajas\AppData\Local\Programs\MiKTeX\tex/latex/hyperref\pd1enc.def
File: pd1enc.def 2023-07-08 v7.01b Hyperref: PDFDocEncoding definition (HO)
Now handling font encoding PD1 ...
... no UTF-8 mapping file for font encoding PD1
)
(C:\Users\rajas\AppData\Local\Programs\MiKTeX\tex/generic/intcalc\intcalc.sty
Package: intcalc 2019/12/15 v1.3 Expandable calculations with integers (HO)
)
\Hy@SavedSpaceFactor=\count279

(C:\Users\rajas\AppData\Local\Programs\MiKTeX\tex/latex/hyperref\puenc.def
File: puenc.def 2023-07-08 v7.01b Hyperref: PDF Unicode definition (HO)
Now handling font encoding PU ...
... no UTF-8 mapping file for font encoding PU
)
Package hyperref Info: Hyper figures OFF on input line 4167.
Package hyperref Info: Link nesting OFF on input line 4172.
Package hyperref Info: Hyper index ON on input line 4175.
Package hyperref Info: Plain pages OFF on input line 4182.
Package hyperref Info: Backreferencing OFF on input line 4187.
Package hyperref Info: Implicit mode ON; LaTeX internals redefined.
Package hyperref Info: Bookmarks ON on input line 4434.
\c@Hy@tempcnt=\count280

(C:\Users\rajas\AppData\Local\Programs\MiKTeX\tex/latex/url\url.sty
\Urlmuskip=\muskip17
Package: url 2013/09/16  ver 3.4  Verb mode for urls, etc.
)
LaTeX Info: Redefining \url on input line 4772.
\XeTeXLinkMargin=\dimen161

(C:\Users\rajas\AppData\Local\Programs\MiKTeX\tex/generic/bitset\bitset.sty
Package: bitset 2019/12/09 v1.3 Handle bit-vector datatype (HO)

(C:\Users\rajas\AppData\Local\Programs\MiKTeX\tex/generic/bigintcalc\bigintcalc
.sty
Package: bigintcalc 2019/12/15 v1.5 Expandable calculations on big integers (HO
)
))
\Fld@menulength=\count281
\Field@Width=\dimen162
\Fld@charsize=\dimen163
Package hyperref Info: Hyper figures OFF on input line 6051.
Package hyperref Info: Link nesting OFF on input line 6056.
Package hyperref Info: Hyper index ON on input line 6059.
Package hyperref Info: backreferencing OFF on input line 6066.
Package hyperref Info: Link coloring OFF on input line 6071.
Package hyperref Info: Link coloring with OCG OFF on input line 6076.
Package hyperref Info: PDF/A mode OFF on input line 6081.

(C:\Users\rajas\AppData\Local\Programs\MiKTeX\tex/latex/base\atbegshi-ltx.sty
Package: atbegshi-ltx 2021/01/10 v1.0c Emulation of the original atbegshi
package with kernel methods
)
\Hy@abspage=\count282
\c@Item=\count283
\c@Hfootnote=\count284
)
Package hyperref Info: Driver (autodetected): hpdftex.
(C:\Users\rajas\AppData\Local\Programs\MiKTeX\tex/latex/hyperref\hpdftex.def
File: hpdftex.def 2023-07-08 v7.01b Hyperref driver for pdfTeX

(C:\Users\rajas\AppData\Local\Programs\MiKTeX\tex/latex/base\atveryend-ltx.sty
Package: atveryend-ltx 2020/08/19 v1.0a Emulation of the original atveryend pac
kage
with kernel methods
)
\Fld@listcount=\count285
\c@bookmark@seq@number=\count286

(C:\Users\rajas\AppData\Local\Programs\MiKTeX\tex/latex/rerunfilecheck\rerunfil
echeck.sty
Package: rerunfilecheck 2022-07-10 v1.10 Rerun checks for auxiliary files (HO)

(C:\Users\rajas\AppData\Local\Programs\MiKTeX\tex/generic/uniquecounter\uniquec
ounter.sty
Package: uniquecounter 2019/12/15 v1.4 Provide unlimited unique counter (HO)
)
Package uniquecounter Info: New unique counter `rerunfilecheck' on input line 2
85.
)
\Hy@SectionHShift=\skip53
)
(C:\Users\rajas\AppData\Local\Programs\MiKTeX\tex/latex/booktabs\booktabs.sty
Package: booktabs 2020/01/12 v1.61803398 Publication quality tables
\heavyrulewidth=\dimen164
\lightrulewidth=\dimen165
\cmidrulewidth=\dimen166
\belowrulesep=\dimen167
\belowbottomsep=\dimen168
\aboverulesep=\dimen169
\abovetopsep=\dimen170
\cmidrulesep=\dimen171
\cmidrulekern=\dimen172
\defaultaddspace=\dimen173
\@cmidla=\count287
\@cmidlb=\count288
\@aboverulesep=\dimen174
\@belowrulesep=\dimen175
\@thisruleclass=\count289
\@lastruleclass=\count290
\@thisrulewidth=\dimen176
)
(C:\Users\rajas\AppData\Local\Programs\MiKTeX\tex/latex/setspace\setspace.sty
Package: setspace 2022/12/04 v6.7b set line spacing
)
(C:\Users\rajas\AppData\Local\Programs\MiKTeX\tex/latex/caption\subcaption.sty
Package: subcaption 2023/07/28 v1.6b Sub-captions (AR)

(C:\Users\rajas\AppData\Local\Programs\MiKTeX\tex/latex/caption\caption.sty
Package: caption 2023/08/05 v3.6o Customizing captions (AR)

(C:\Users\rajas\AppData\Local\Programs\MiKTeX\tex/latex/caption\caption3.sty
Package: caption3 2023/07/31 v2.4d caption3 kernel (AR)
\caption@tempdima=\dimen177
\captionmargin=\dimen178
\caption@leftmargin=\dimen179
\caption@rightmargin=\dimen180
\caption@width=\dimen181
\caption@indent=\dimen182
\caption@parindent=\dimen183
\caption@hangindent=\dimen184
Package caption Info: Standard document class detected.
)
\c@caption@flags=\count291
\c@continuedfloat=\count292
Package caption Info: hyperref package is loaded.
)
Package caption Info: New subtype `subfigure' on input line 238.
\c@subfigure=\count293
Package caption Info: New subtype `subtable' on input line 238.
\c@subtable=\count294
) (C:\Users\rajas\AppData\Local\Programs\MiKTeX\tex/latex/float\float.sty
Package: float 2001/11/08 v1.3d Float enhancements (AL)
\c@float@type=\count295
\float@exts=\toks24
\float@box=\box53
\@float@everytoks=\toks25
\@floatcapt=\box54
)
(C:\Users\rajas\AppData\Local\Programs\MiKTeX\tex/latex/l3packages/xparse\xpars
e.sty
(C:\Users\rajas\AppData\Local\Programs\MiKTeX\tex/latex/l3kernel\expl3.sty
Package: expl3 2023-08-29 L3 programming layer (loader) 

(C:\Users\rajas\AppData\Local\Programs\MiKTeX\tex/latex/l3backend\l3backend-pdf
tex.def
File: l3backend-pdftex.def 2023-04-19 L3 backend support: PDF output (pdfTeX)
\l__color_backend_stack_int=\count296
\l__pdf_internal_box=\box55
))
Package: xparse 2023-08-29 L3 Experimental document command parser
)
(C:\Users\rajas\AppData\Local\Programs\MiKTeX\tex/latex/xcolor\xcolor.sty
Package: xcolor 2022/06/12 v2.14 LaTeX color extensions (UK)

(C:\Users\rajas\AppData\Local\Programs\MiKTeX\tex/latex/graphics-cfg\color.cfg
File: color.cfg 2016/01/02 v1.6 sample color configuration
)
Package xcolor Info: Driver file: pdftex.def on input line 227.
(C:\Users\rajas\AppData\Local\Programs\MiKTeX\tex/latex/graphics\mathcolor.ltx)
Package xcolor Info: Model `cmy' substituted by `cmy0' on input line 1353.
Package xcolor Info: Model `hsb' substituted by `rgb' on input line 1357.
Package xcolor Info: Model `RGB' extended on input line 1369.
Package xcolor Info: Model `HTML' substituted by `rgb' on input line 1371.
Package xcolor Info: Model `Hsb' substituted by `hsb' on input line 1372.
Package xcolor Info: Model `tHsb' substituted by `hsb' on input line 1373.
Package xcolor Info: Model `HSB' substituted by `hsb' on input line 1374.
Package xcolor Info: Model `Gray' substituted by `gray' on input line 1375.
Package xcolor Info: Model `wave' substituted by `hsb' on input line 1376.
) (C:\Users\rajas\AppData\Local\Programs\MiKTeX\tex/latex/tools\array.sty
Package: array 2022/09/04 v2.5g Tabular extension package (FMi)
\col@sep=\dimen185
\ar@mcellbox=\box56
\extrarowheight=\dimen186
\NC@list=\toks26
\extratabsurround=\skip54
\backup@length=\skip55
\ar@cellbox=\box57
)
(research_progress_03_04_2026.aux)
\openout1 = `research_progress_03_04_2026.aux'.

LaTeX Font Info:    Checking defaults for OML/cmm/m/it on input line 19.
LaTeX Font Info:    ... okay on input line 19.
LaTeX Font Info:    Checking defaults for OMS/cmsy/m/n on input line 19.
LaTeX Font Info:    ... okay on input line 19.
LaTeX Font Info:    Checking defaults for OT1/cmr/m/n on input line 19.
LaTeX Font Info:    ... okay on input line 19.
LaTeX Font Info:    Checking defaults for T1/cmr/m/n on input line 19.
LaTeX Font Info:    ... okay on input line 19.
LaTeX Font Info:    Checking defaults for TS1/cmr/m/n on input line 19.
LaTeX Font Info:    ... okay on input line 19.
LaTeX Font Info:    Checking defaults for OMX/cmex/m/n on input line 19.
LaTeX Font Info:    ... okay on input line 19.
LaTeX Font Info:    Checking defaults for U/cmr/m/n on input line 19.
LaTeX Font Info:    ... okay on input line 19.
LaTeX Font Info:    Checking defaults for PD1/pdf/m/n on input line 19.
LaTeX Font Info:    ... okay on input line 19.
LaTeX Font Info:    Checking defaults for PU/pdf/m/n on input line 19.
LaTeX Font Info:    ... okay on input line 19.

*geometry* driver: auto-detecting
*geometry* detected driver: pdftex
*geometry* verbose mode - [ preamble ] result:
* driver: pdftex
* paper: a4paper
* layout: <same size as paper>
* layoutoffset:(h,v)=(0.0pt,0.0pt)
* modes: 
* h-part:(L,W,R)=(72.26999pt, 452.9679pt, 72.26999pt)
* v-part:(T,H,B)=(72.26999pt, 700.50687pt, 72.26999pt)
* \paperwidth=597.50787pt
* \paperheight=845.04684pt
* \textwidth=452.9679pt
* \textheight=700.50687pt
* \oddsidemargin=0.0pt
* \evensidemargin=0.0pt
* \topmargin=-37.0pt
* \headheight=12.0pt
* \headsep=25.0pt
* \topskip=12.0pt
* \footskip=30.0pt
* \marginparwidth=44.0pt
* \marginparsep=10.0pt
* \columnsep=10.0pt
* \skip\footins=10.8pt plus 4.0pt minus 2.0pt
* \hoffset=0.0pt
* \voffset=0.0pt
* \mag=1000
* \@twocolumnfalse
* \@twosidefalse
* \@mparswitchfalse
* \@reversemarginfalse
* (1in=72.27pt=25.4mm, 1cm=28.453pt)


(C:\Users\rajas\AppData\Local\Programs\MiKTeX\tex/context/base/mkii\supp-pdf.mk
ii
[Loading MPS to PDF converter (version 2006.09.02).]
\scratchcounter=\count297
\scratchdimen=\dimen187
\scratchbox=\box58
\nofMPsegments=\count298
\nofMParguments=\count299
\everyMPshowfont=\toks27
\MPscratchCnt=\count300
\MPscratchDim=\dimen188
\MPnumerator=\count301
\makeMPintoPDFobject=\count302
\everyMPtoPDFconversion=\toks28
)
(C:\Users\rajas\AppData\Local\Programs\MiKTeX\tex/latex/epstopdf-pkg\epstopdf-b
ase.sty
Package: epstopdf-base 2020-01-24 v2.11 Base part for package epstopdf
Package epstopdf-base Info: Redefining graphics rule for `.eps' on input line 4
85.

(C:\Users\rajas\AppData\Local\Programs\MiKTeX\tex/latex/00miktex\epstopdf-sys.c
fg
File: epstopdf-sys.cfg 2021/03/18 v2.0 Configuration of epstopdf for MiKTeX
))
Package hyperref Info: Link coloring OFF on input line 19.
 (research_progress_03_04_2026.out) (research_progress_03_04_2026.out)
\@outlinefile=\write3
\openout3 = `research_progress_03_04_2026.out'.

Package caption Info: Begin \AtBeginDocument code.
Package caption Info: float package is loaded.
Package caption Info: End \AtBeginDocument code.

[1

{C:/Users/rajas/AppData/Local/MiKTeX/fonts/map/pdftex/pdftex.map}]
(research_progress_03_04_2026.toc)
\tf@toc=\write4
\openout4 = `research_progress_03_04_2026.toc'.


pdfTeX warning (ext4): destination with the same identifier (name{page.1}) has 
been already used, duplicate ignored
<to be read again> 
                   \relax 
l.24 \chapter
             {Introduction} [1

]
Chapter 1.
<images/pd.png, id=141, 1204.5pt x 1328.965pt>
File: images/pd.png Graphic file (type png)
<use images/pd.png>
Package pdftex.def Info: images/pd.png  used on input line 34.
(pdftex.def)             Requested size: 226.48395pt x 249.86978pt.
[2

] [3 <./images/pd.png>]
Chapter 2.
[4

]
Chapter 3.

Overfull \hbox (56.71132pt too wide) in paragraph at lines 67--99
 [][] 
 []


LaTeX Warning: `h' float specifier changed to `ht'.

[5

] [6]
Chapter 4.
[7

{C:/Users/rajas/AppData/Local/Programs/MiKTeX/fonts/enc/dvips/cm-super/cm-super
-ts1.enc}] [8] [9]
Chapter 5.
[10

]
Chapter 6.
<images/aachen_num_classes_3_FCNNNet_loss.pdf, id=200, 409.63164pt x 312.03401p
t>
File: images/aachen_num_classes_3_FCNNNet_loss.pdf Graphic file (type pdf)
<use images/aachen_num_classes_3_FCNNNet_loss.pdf>
Package pdftex.def Info: images/aachen_num_classes_3_FCNNNet_loss.pdf  used on 
input line 217.
(pdftex.def)             Requested size: 135.89174pt x 103.51431pt.
<images/aachen_num_classes_3_FCNNNet_accuracy.pdf, id=201, 406.44159pt x 312.03
401pt>
File: images/aachen_num_classes_3_FCNNNet_accuracy.pdf Graphic file (type pdf)
<use images/aachen_num_classes_3_FCNNNet_accuracy.pdf>
Package pdftex.def Info: images/aachen_num_classes_3_FCNNNet_accuracy.pdf  used
 on input line 222.
(pdftex.def)             Requested size: 135.89174pt x 104.32373pt.
<images/aachen_num_classes_3_FCNNNet_confusion_matrix.pdf, id=202, 390.69308pt 
x 338.70084pt>
File: images/aachen_num_classes_3_FCNNNet_confusion_matrix.pdf Graphic file (ty
pe pdf)
<use images/aachen_num_classes_3_FCNNNet_confusion_matrix.pdf>
Package pdftex.def Info: images/aachen_num_classes_3_FCNNNet_confusion_matrix.p
df  used on input line 227.
(pdftex.def)             Requested size: 135.89174pt x 117.80801pt.
<images/aachen_num_classes_3_FCNNSmall_loss.pdf, id=203, 412.82794pt x 312.0340
1pt>
File: images/aachen_num_classes_3_FCNNSmall_loss.pdf Graphic file (type pdf)
<use images/aachen_num_classes_3_FCNNSmall_loss.pdf>
Package pdftex.def Info: images/aachen_num_classes_3_FCNNSmall_loss.pdf  used o
n input line 234.
(pdftex.def)             Requested size: 135.89174pt x 102.71442pt.
<images/aachen_num_classes_3_FCNNSmall_accuracy.pdf, id=204, 406.44159pt x 314.
113pt>
File: images/aachen_num_classes_3_FCNNSmall_accuracy.pdf Graphic file (type pdf
)
<use images/aachen_num_classes_3_FCNNSmall_accuracy.pdf>
Package pdftex.def Info: images/aachen_num_classes_3_FCNNSmall_accuracy.pdf  us
ed on input line 239.
(pdftex.def)             Requested size: 135.89174pt x 105.01881pt.
<images/aachen_num_classes_3_FCNNSmall_confusion_matrix.pdf, id=205, 390.69308p
t x 338.70084pt>
File: images/aachen_num_classes_3_FCNNSmall_confusion_matrix.pdf Graphic file (
type pdf)
<use images/aachen_num_classes_3_FCNNSmall_confusion_matrix.pdf>
Package pdftex.def Info: images/aachen_num_classes_3_FCNNSmall_confusion_matrix
.pdf  used on input line 244.
(pdftex.def)             Requested size: 135.89174pt x 117.80801pt.
<images/aachen_num_classes_3_SimpleCNNSmall_loss.pdf, id=206, 406.44159pt x 312
.03401pt>
File: images/aachen_num_classes_3_SimpleCNNSmall_loss.pdf Graphic file (type pd
f)
<use images/aachen_num_classes_3_SimpleCNNSmall_loss.pdf>
Package pdftex.def Info: images/aachen_num_classes_3_SimpleCNNSmall_loss.pdf  u
sed on input line 251.
(pdftex.def)             Requested size: 135.89174pt x 104.32373pt.
<images/aachen_num_classes_3_SimpleCNNSmall_accuracy.pdf, id=207, 412.82794pt x
 312.03401pt>
File: images/aachen_num_classes_3_SimpleCNNSmall_accuracy.pdf Graphic file (typ
e pdf)
<use images/aachen_num_classes_3_SimpleCNNSmall_accuracy.pdf>
Package pdftex.def Info: images/aachen_num_classes_3_SimpleCNNSmall_accuracy.pd
f  used on input line 256.
(pdftex.def)             Requested size: 135.89174pt x 102.71442pt.
<images/aachen_num_classes_3_SimpleCNNSmall_confusion_matrix.pdf, id=208, 397.0
7944pt x 338.70084pt>
File: images/aachen_num_classes_3_SimpleCNNSmall_confusion_matrix.pdf Graphic f
ile (type pdf)
<use images/aachen_num_classes_3_SimpleCNNSmall_confusion_matrix.pdf>
Package pdftex.def Info: images/aachen_num_classes_3_SimpleCNNSmall_confusion_m
atrix.pdf  used on input line 261.
(pdftex.def)             Requested size: 135.89174pt x 115.9113pt.
[11

] [12 <./images/aachen_num_classes_3_FCNNNet_loss.pdf> <./images/aachen_num_cla
sses_3_FCNNNet_accuracy.pdf

pdfTeX warning: pdflatex (file ./images/aachen_num_classes_3_FCNNNet_accuracy.p
df): PDF inclusion: multiple pdfs with page group included in a single page
> <./images/aachen_num_classes_3_FCNNNet_confusion_matrix.pdf

pdfTeX warning: pdflatex (file ./images/aachen_num_classes_3_FCNNNet_confusion_
matrix.pdf): PDF inclusion: multiple pdfs with page group included in a single 
page
> <./images/aachen_num_classes_3_FCNNSmall_loss.pdf

pdfTeX warning: pdflatex (file ./images/aachen_num_classes_3_FCNNSmall_loss.pdf
): PDF inclusion: multiple pdfs with page group included in a single page
> <./images/aachen_num_classes_3_FCNNSmall_accuracy.pdf

pdfTeX warning: pdflatex (file ./images/aachen_num_classes_3_FCNNSmall_accuracy
.pdf): PDF inclusion: multiple pdfs with page group included in a single page
> <./images/aachen_num_classes_3_FCNNSmall_confusion_matrix.pdf

pdfTeX warning: pdflatex (file ./images/aachen_num_classes_3_FCNNSmall_confusio
n_matrix.pdf): PDF inclusion: multiple pdfs with page group included in a singl
e page
> <./images/aachen_num_classes_3_SimpleCNNSmall_loss.pdf

pdfTeX warning: pdflatex (file ./images/aachen_num_classes_3_SimpleCNNSmall_los
s.pdf): PDF inclusion: multiple pdfs with page group included in a single page
> <./images/aachen_num_classes_3_SimpleCNNSmall_accuracy.pdf

pdfTeX warning: pdflatex (file ./images/aachen_num_classes_3_SimpleCNNSmall_acc
uracy.pdf): PDF inclusion: multiple pdfs with page group included in a single p
age
> <./images/aachen_num_classes_3_SimpleCNNSmall_confusion_matrix.pdf

pdfTeX warning: pdflatex (file ./images/aachen_num_classes_3_SimpleCNNSmall_con
fusion_matrix.pdf): PDF inclusion: multiple pdfs with page group included in a 
single page
>]
<images/mhh_seepain_num_classes_2_FCNNNet_loss.pdf, id=305, 409.63164pt x 312.0
3401pt>
File: images/mhh_seepain_num_classes_2_FCNNNet_loss.pdf Graphic file (type pdf)

<use images/mhh_seepain_num_classes_2_FCNNNet_loss.pdf>
Package pdftex.def Info: images/mhh_seepain_num_classes_2_FCNNNet_loss.pdf  use
d on input line 278.
(pdftex.def)             Requested size: 135.89174pt x 103.51431pt.
<images/mhh_seepain_num_classes_2_FCNNNet_accuracy.pdf, id=306, 412.82794pt x 3
12.03401pt>
File: images/mhh_seepain_num_classes_2_FCNNNet_accuracy.pdf Graphic file (type 
pdf)
<use images/mhh_seepain_num_classes_2_FCNNNet_accuracy.pdf>
Package pdftex.def Info: images/mhh_seepain_num_classes_2_FCNNNet_accuracy.pdf 
 used on input line 283.
(pdftex.def)             Requested size: 135.89174pt x 102.71442pt.
<images/mhh_seepain_num_classes_2_FCNNNet_confusion_matrix.pdf, id=307, 390.693
08pt x 338.70084pt>
File: images/mhh_seepain_num_classes_2_FCNNNet_confusion_matrix.pdf Graphic fil
e (type pdf)
<use images/mhh_seepain_num_classes_2_FCNNNet_confusion_matrix.pdf>
Package pdftex.def Info: images/mhh_seepain_num_classes_2_FCNNNet_confusion_mat
rix.pdf  used on input line 288.
(pdftex.def)             Requested size: 135.89174pt x 117.80801pt.
<images/mhh_seepain_num_classes_2_FCNNSmall_loss.pdf, id=308, 412.82794pt x 312
.03401pt>
File: images/mhh_seepain_num_classes_2_FCNNSmall_loss.pdf Graphic file (type pd
f)
<use images/mhh_seepain_num_classes_2_FCNNSmall_loss.pdf>
Package pdftex.def Info: images/mhh_seepain_num_classes_2_FCNNSmall_loss.pdf  u
sed on input line 295.
(pdftex.def)             Requested size: 135.89174pt x 102.71442pt.
<images/mhh_seepain_num_classes_2_FCNNSmall_accuracy.pdf, id=309, 406.44159pt x
 314.31505pt>
File: images/mhh_seepain_num_classes_2_FCNNSmall_accuracy.pdf Graphic file (typ
e pdf)
<use images/mhh_seepain_num_classes_2_FCNNSmall_accuracy.pdf>
Package pdftex.def Info: images/mhh_seepain_num_classes_2_FCNNSmall_accuracy.pd
f  used on input line 300.
(pdftex.def)             Requested size: 135.89174pt x 105.08635pt.
<images/mhh_seepain_num_classes_2_FCNNSmall_confusion_matrix.pdf, id=310, 390.6
9308pt x 338.70084pt>
File: images/mhh_seepain_num_classes_2_FCNNSmall_confusion_matrix.pdf Graphic f
ile (type pdf)
<use images/mhh_seepain_num_classes_2_FCNNSmall_confusion_matrix.pdf>
Package pdftex.def Info: images/mhh_seepain_num_classes_2_FCNNSmall_confusion_m
atrix.pdf  used on input line 305.
(pdftex.def)             Requested size: 135.89174pt x 117.80801pt.
<images/mhh_seepain_num_classes_2_SimpleCNNSmall_loss.pdf, id=311, 406.44159pt 
x 312.03401pt>
File: images/mhh_seepain_num_classes_2_SimpleCNNSmall_loss.pdf Graphic file (ty
pe pdf)
<use images/mhh_seepain_num_classes_2_SimpleCNNSmall_loss.pdf>
Package pdftex.def Info: images/mhh_seepain_num_classes_2_SimpleCNNSmall_loss.p
df  used on input line 312.
(pdftex.def)             Requested size: 135.89174pt x 104.32373pt.
<images/mhh_seepain_num_classes_2_SimpleCNNSmall_accuracy.pdf, id=312, 406.4415
9pt x 312.03401pt>
File: images/mhh_seepain_num_classes_2_SimpleCNNSmall_accuracy.pdf Graphic file
 (type pdf)
<use images/mhh_seepain_num_classes_2_SimpleCNNSmall_accuracy.pdf>
Package pdftex.def Info: images/mhh_seepain_num_classes_2_SimpleCNNSmall_accura
cy.pdf  used on input line 317.
(pdftex.def)             Requested size: 135.89174pt x 104.32373pt.
<images/mhh_seepain_num_classes_2_SimpleCNNSmall_confusion_matrix.pdf, id=313, 
390.69308pt x 338.70084pt>
File: images/mhh_seepain_num_classes_2_SimpleCNNSmall_confusion_matrix.pdf Grap
hic file (type pdf)
<use images/mhh_seepain_num_classes_2_SimpleCNNSmall_confusion_matrix.pdf>
Package pdftex.def Info: images/mhh_seepain_num_classes_2_SimpleCNNSmall_confus
ion_matrix.pdf  used on input line 322.
(pdftex.def)             Requested size: 135.89174pt x 117.80801pt.
 [13

] [14 <./images/mhh_seepain_num_classes_2_FCNNNet_loss.pdf> <./images/mhh_seepa
in_num_classes_2_FCNNNet_accuracy.pdf

pdfTeX warning: pdflatex (file ./images/mhh_seepain_num_classes_2_FCNNNet_accur
acy.pdf): PDF inclusion: multiple pdfs with page group included in a single pag
e
> <./images/mhh_seepain_num_classes_2_FCNNNet_confusion_matrix.pdf

pdfTeX warning: pdflatex (file ./images/mhh_seepain_num_classes_2_FCNNNet_confu
sion_matrix.pdf): PDF inclusion: multiple pdfs with page group included in a si
ngle page
> <./images/mhh_seepain_num_classes_2_FCNNSmall_loss.pdf

pdfTeX warning: pdflatex (file ./images/mhh_seepain_num_classes_2_FCNNSmall_los
s.pdf): PDF inclusion: multiple pdfs with page group included in a single page
> <./images/mhh_seepain_num_classes_2_FCNNSmall_accuracy.pdf

pdfTeX warning: pdflatex (file ./images/mhh_seepain_num_classes_2_FCNNSmall_acc
uracy.pdf): PDF inclusion: multiple pdfs with page group included in a single p
age
> <./images/mhh_seepain_num_classes_2_FCNNSmall_confusion_matrix.pdf

pdfTeX warning: pdflatex (file ./images/mhh_seepain_num_classes_2_FCNNSmall_con
fusion_matrix.pdf): PDF inclusion: multiple pdfs with page group included in a 
single page
> <./images/mhh_seepain_num_classes_2_SimpleCNNSmall_loss.pdf

pdfTeX warning: pdflatex (file ./images/mhh_seepain_num_classes_2_SimpleCNNSmal
l_loss.pdf): PDF inclusion: multiple pdfs with page group included in a single 
page
> <./images/mhh_seepain_num_classes_2_SimpleCNNSmall_accuracy.pdf

pdfTeX warning: pdflatex (file ./images/mhh_seepain_num_classes_2_SimpleCNNSmal
l_accuracy.pdf): PDF inclusion: multiple pdfs with page group included in a sin
gle page
> <./images/mhh_seepain_num_classes_2_SimpleCNNSmall_confusion_matrix.pdf

pdfTeX warning: pdflatex (file ./images/mhh_seepain_num_classes_2_SimpleCNNSmal
l_confusion_matrix.pdf): PDF inclusion: multiple pdfs with page group included 
in a single page
>]
<images/mhh_idana_num_classes_4_FCNNNet_loss.pdf, id=408, 416.01799pt x 312.034
01pt>
File: images/mhh_idana_num_classes_4_FCNNNet_loss.pdf Graphic file (type pdf)
<use images/mhh_idana_num_classes_4_FCNNNet_loss.pdf>
Package pdftex.def Info: images/mhh_idana_num_classes_4_FCNNNet_loss.pdf  used 
on input line 339.
(pdftex.def)             Requested size: 135.89174pt x 101.92406pt.
<images/mhh_idana_num_classes_4_FCNNNet_accuracy.pdf, id=409, 406.44159pt x 312
.03401pt>
File: images/mhh_idana_num_classes_4_FCNNNet_accuracy.pdf Graphic file (type pd
f)
<use images/mhh_idana_num_classes_4_FCNNNet_accuracy.pdf>
Package pdftex.def Info: images/mhh_idana_num_classes_4_FCNNNet_accuracy.pdf  u
sed on input line 344.
(pdftex.def)             Requested size: 135.89174pt x 104.32373pt.
<images/mhh_idana_num_classes_4_FCNNNet_confusion_matrix.pdf, id=410, 390.69308
pt x 338.70084pt>
File: images/mhh_idana_num_classes_4_FCNNNet_confusion_matrix.pdf Graphic file 
(type pdf)
<use images/mhh_idana_num_classes_4_FCNNNet_confusion_matrix.pdf>
Package pdftex.def Info: images/mhh_idana_num_classes_4_FCNNNet_confusion_matri
x.pdf  used on input line 349.
(pdftex.def)             Requested size: 135.89174pt x 117.80801pt.
<images/mhh_idana_num_classes_4_FCNNSmall_loss.pdf, id=411, 412.82794pt x 312.0
3401pt>
File: images/mhh_idana_num_classes_4_FCNNSmall_loss.pdf Graphic file (type pdf)

<use images/mhh_idana_num_classes_4_FCNNSmall_loss.pdf>
Package pdftex.def Info: images/mhh_idana_num_classes_4_FCNNSmall_loss.pdf  use
d on input line 356.
(pdftex.def)             Requested size: 135.89174pt x 102.71442pt.
<images/mhh_idana_num_classes_4_FCNNSmall_accuracy.pdf, id=412, 406.44159pt x 3
12.03401pt>
File: images/mhh_idana_num_classes_4_FCNNSmall_accuracy.pdf Graphic file (type 
pdf)
<use images/mhh_idana_num_classes_4_FCNNSmall_accuracy.pdf>
Package pdftex.def Info: images/mhh_idana_num_classes_4_FCNNSmall_accuracy.pdf 
 used on input line 361.
(pdftex.def)             Requested size: 135.89174pt x 104.32373pt.
<images/mhh_idana_num_classes_4_FCNNSmall_confusion_matrix.pdf, id=413, 390.693
08pt x 338.70084pt>
File: images/mhh_idana_num_classes_4_FCNNSmall_confusion_matrix.pdf Graphic fil
e (type pdf)
<use images/mhh_idana_num_classes_4_FCNNSmall_confusion_matrix.pdf>
Package pdftex.def Info: images/mhh_idana_num_classes_4_FCNNSmall_confusion_mat
rix.pdf  used on input line 366.
(pdftex.def)             Requested size: 135.89174pt x 117.80801pt.
<images/mhh_idana_num_classes_4_SimpleCNNSmall_loss.pdf, id=414, 400.05524pt x 
312.03401pt>
File: images/mhh_idana_num_classes_4_SimpleCNNSmall_loss.pdf Graphic file (type
 pdf)
<use images/mhh_idana_num_classes_4_SimpleCNNSmall_loss.pdf>
Package pdftex.def Info: images/mhh_idana_num_classes_4_SimpleCNNSmall_loss.pdf
  used on input line 373.
(pdftex.def)             Requested size: 135.89174pt x 105.99016pt.
<images/mhh_idana_num_classes_4_SimpleCNNSmall_accuracy.pdf, id=415, 406.44159p
t x 312.03401pt>
File: images/mhh_idana_num_classes_4_SimpleCNNSmall_accuracy.pdf Graphic file (
type pdf)
<use images/mhh_idana_num_classes_4_SimpleCNNSmall_accuracy.pdf>
Package pdftex.def Info: images/mhh_idana_num_classes_4_SimpleCNNSmall_accuracy
.pdf  used on input line 378.
(pdftex.def)             Requested size: 135.89174pt x 104.32373pt.
<images/mhh_idana_num_classes_4_SimpleCNNSmall_confusion_matrix.pdf, id=416, 39
0.69308pt x 338.70084pt>
File: images/mhh_idana_num_classes_4_SimpleCNNSmall_confusion_matrix.pdf Graphi
c file (type pdf)
<use images/mhh_idana_num_classes_4_SimpleCNNSmall_confusion_matrix.pdf>
Package pdftex.def Info: images/mhh_idana_num_classes_4_SimpleCNNSmall_confusio
n_matrix.pdf  used on input line 383.
(pdftex.def)             Requested size: 135.89174pt x 117.80801pt.
 [15

]
<images/munich_num_classes_2_FCNNNet_loss.pdf, id=421, 406.44159pt x 312.03401p
t>
File: images/munich_num_classes_2_FCNNNet_loss.pdf Graphic file (type pdf)
<use images/munich_num_classes_2_FCNNNet_loss.pdf>
Package pdftex.def Info: images/munich_num_classes_2_FCNNNet_loss.pdf  used on 
input line 399.
(pdftex.def)             Requested size: 135.89174pt x 104.32373pt.
<images/munich_num_classes_2_FCNNNet_accuracy.pdf, id=422, 412.82794pt x 312.03
401pt>
File: images/munich_num_classes_2_FCNNNet_accuracy.pdf Graphic file (type pdf)
<use images/munich_num_classes_2_FCNNNet_accuracy.pdf>
Package pdftex.def Info: images/munich_num_classes_2_FCNNNet_accuracy.pdf  used
 on input line 404.
(pdftex.def)             Requested size: 135.89174pt x 102.71442pt.
<images/munich_num_classes_2_FCNNNet_confusion_matrix.pdf, id=423, 390.69308pt 
x 338.70084pt>
File: images/munich_num_classes_2_FCNNNet_confusion_matrix.pdf Graphic file (ty
pe pdf)
<use images/munich_num_classes_2_FCNNNet_confusion_matrix.pdf>
Package pdftex.def Info: images/munich_num_classes_2_FCNNNet_confusion_matrix.p
df  used on input line 409.
(pdftex.def)             Requested size: 135.89174pt x 117.80801pt.
<images/munich_num_classes_2_FCNNSmall_loss.pdf, id=424, 412.82794pt x 312.0340
1pt>
File: images/munich_num_classes_2_FCNNSmall_loss.pdf Graphic file (type pdf)
<use images/munich_num_classes_2_FCNNSmall_loss.pdf>
Package pdftex.def Info: images/munich_num_classes_2_FCNNSmall_loss.pdf  used o
n input line 416.
(pdftex.def)             Requested size: 135.89174pt x 102.71442pt.
<images/munich_num_classes_2_FCNNSmall_accuracy.pdf, id=425, 406.44159pt x 312.
03401pt>
File: images/munich_num_classes_2_FCNNSmall_accuracy.pdf Graphic file (type pdf
)
<use images/munich_num_classes_2_FCNNSmall_accuracy.pdf>
Package pdftex.def Info: images/munich_num_classes_2_FCNNSmall_accuracy.pdf  us
ed on input line 421.
(pdftex.def)             Requested size: 135.89174pt x 104.32373pt.
<images/munich_num_classes_2_FCNNSmall_confusion_matrix.pdf, id=426, 390.69308p
t x 338.70084pt>
File: images/munich_num_classes_2_FCNNSmall_confusion_matrix.pdf Graphic file (
type pdf)
<use images/munich_num_classes_2_FCNNSmall_confusion_matrix.pdf>
Package pdftex.def Info: images/munich_num_classes_2_FCNNSmall_confusion_matrix
.pdf  used on input line 426.
(pdftex.def)             Requested size: 135.89174pt x 117.80801pt.
<images/munich_num_classes_2_SimpleCNNSmall_loss.pdf, id=427, 406.44159pt x 312
.03401pt>
File: images/munich_num_classes_2_SimpleCNNSmall_loss.pdf Graphic file (type pd
f)
<use images/munich_num_classes_2_SimpleCNNSmall_loss.pdf>
Package pdftex.def Info: images/munich_num_classes_2_SimpleCNNSmall_loss.pdf  u
sed on input line 433.
(pdftex.def)             Requested size: 135.89174pt x 104.32373pt.
<images/munich_num_classes_2_SimpleCNNSmall_accuracy.pdf, id=428, 416.01799pt x
 312.03401pt>
File: images/munich_num_classes_2_SimpleCNNSmall_accuracy.pdf Graphic file (typ
e pdf)
<use images/munich_num_classes_2_SimpleCNNSmall_accuracy.pdf>
Package pdftex.def Info: images/munich_num_classes_2_SimpleCNNSmall_accuracy.pd
f  used on input line 438.
(pdftex.def)             Requested size: 135.89174pt x 101.92406pt.
<images/munich_num_classes_2_SimpleCNNSmall_confusion_matrix.pdf, id=429, 390.6
9308pt x 338.70084pt>
File: images/munich_num_classes_2_SimpleCNNSmall_confusion_matrix.pdf Graphic f
ile (type pdf)
<use images/munich_num_classes_2_SimpleCNNSmall_confusion_matrix.pdf>
Package pdftex.def Info: images/munich_num_classes_2_SimpleCNNSmall_confusion_m
atrix.pdf  used on input line 443.
(pdftex.def)             Requested size: 135.89174pt x 117.80801pt.
 [16 <./images/mhh_idana_num_classes_4_FCNNNet_loss.pdf> <./images/mhh_idana_nu
m_classes_4_FCNNNet_accuracy.pdf

pdfTeX warning: pdflatex (file ./images/mhh_idana_num_classes_4_FCNNNet_accurac
y.pdf): PDF inclusion: multiple pdfs with page group included in a single page
> <./images/mhh_idana_num_classes_4_FCNNNet_confusion_matrix.pdf

pdfTeX warning: pdflatex (file ./images/mhh_idana_num_classes_4_FCNNNet_confusi
on_matrix.pdf): PDF inclusion: multiple pdfs with page group included in a sing
le page
> <./images/mhh_idana_num_classes_4_FCNNSmall_loss.pdf

pdfTeX warning: pdflatex (file ./images/mhh_idana_num_classes_4_FCNNSmall_loss.
pdf): PDF inclusion: multiple pdfs with page group included in a single page
> <./images/mhh_idana_num_classes_4_FCNNSmall_accuracy.pdf

pdfTeX warning: pdflatex (file ./images/mhh_idana_num_classes_4_FCNNSmall_accur
acy.pdf): PDF inclusion: multiple pdfs with page group included in a single pag
e
> <./images/mhh_idana_num_classes_4_FCNNSmall_confusion_matrix.pdf

pdfTeX warning: pdflatex (file ./images/mhh_idana_num_classes_4_FCNNSmall_confu
sion_matrix.pdf): PDF inclusion: multiple pdfs with page group included in a si
ngle page
> <./images/mhh_idana_num_classes_4_SimpleCNNSmall_loss.pdf

pdfTeX warning: pdflatex (file ./images/mhh_idana_num_classes_4_SimpleCNNSmall_
loss.pdf): PDF inclusion: multiple pdfs with page group included in a single pa
ge
> <./images/mhh_idana_num_classes_4_SimpleCNNSmall_accuracy.pdf

pdfTeX warning: pdflatex (file ./images/mhh_idana_num_classes_4_SimpleCNNSmall_
accuracy.pdf): PDF inclusion: multiple pdfs with page group included in a singl
e page
> <./images/mhh_idana_num_classes_4_SimpleCNNSmall_confusion_matrix.pdf

pdfTeX warning: pdflatex (file ./images/mhh_idana_num_classes_4_SimpleCNNSmall_
confusion_matrix.pdf): PDF inclusion: multiple pdfs with page group included in
 a single page
>] [17 <./images/munich_num_classes_2_FCNNNet_loss.pdf> <./images/munich_num_cl
asses_2_FCNNNet_accuracy.pdf

pdfTeX warning: pdflatex (file ./images/munich_num_classes_2_FCNNNet_accuracy.p
df): PDF inclusion: multiple pdfs with page group included in a single page
> <./images/munich_num_classes_2_FCNNNet_confusion_matrix.pdf

pdfTeX warning: pdflatex (file ./images/munich_num_classes_2_FCNNNet_confusion_
matrix.pdf): PDF inclusion: multiple pdfs with page group included in a single 
page
> <./images/munich_num_classes_2_FCNNSmall_loss.pdf

pdfTeX warning: pdflatex (file ./images/munich_num_classes_2_FCNNSmall_loss.pdf
): PDF inclusion: multiple pdfs with page group included in a single page
> <./images/munich_num_classes_2_FCNNSmall_accuracy.pdf

pdfTeX warning: pdflatex (file ./images/munich_num_classes_2_FCNNSmall_accuracy
.pdf): PDF inclusion: multiple pdfs with page group included in a single page
> <./images/munich_num_classes_2_FCNNSmall_confusion_matrix.pdf

pdfTeX warning: pdflatex (file ./images/munich_num_classes_2_FCNNSmall_confusio
n_matrix.pdf): PDF inclusion: multiple pdfs with page group included in a singl
e page
> <./images/munich_num_classes_2_SimpleCNNSmall_loss.pdf

pdfTeX warning: pdflatex (file ./images/munich_num_classes_2_SimpleCNNSmall_los
s.pdf): PDF inclusion: multiple pdfs with page group included in a single page
> <./images/munich_num_classes_2_SimpleCNNSmall_accuracy.pdf

pdfTeX warning: pdflatex (file ./images/munich_num_classes_2_SimpleCNNSmall_acc
uracy.pdf): PDF inclusion: multiple pdfs with page group included in a single p
age
> <./images/munich_num_classes_2_SimpleCNNSmall_confusion_matrix.pdf

pdfTeX warning: pdflatex (file ./images/munich_num_classes_2_SimpleCNNSmall_con
fusion_matrix.pdf): PDF inclusion: multiple pdfs with page group included in a 
single page
>] [18]
Chapter 7.
[19

]
Chapter 8.
[20

]
Underfull \hbox (badness 10000) in paragraph at lines 512--513
[]\OT1/cmr/m/n/12 R. Singh, "Anal-y-sis of Pain Draw-ings us-ing Ma-chine Learn
-ing,"
 []


Underfull \hbox (badness 10000) in paragraph at lines 512--513
\OT1/cmr/m/n/12 GitHub repos-i-tory. Avail-able: []$\OT1/cmtt/m/n/12 https : / 
/ github . com / rajasingh310 /
 []

[21

] (research_progress_03_04_2026.aux)
 ***********
LaTeX2e <2023-06-01> patch level 1
L3 programming layer <2023-08-29>
 ***********
Package rerunfilecheck Info: File `research_progress_03_04_2026.out' has not ch
anged.
(rerunfilecheck)             Checksum: 7638BD5AB0E208A7C9D408B04FDB024A;3582.
 ) 
Here is how much of TeX's memory you used:
 12128 strings out of 475248
 206466 string characters out of 5757813
 1931785 words of memory out of 5000000
 33447 multiletter control sequences out of 15000+600000
 565814 words of font info for 63 fonts, out of 8000000 for 9000
 1141 hyphenation exceptions out of 8191
 75i,10n,79p,817b,535s stack positions out of 10000i,1000n,20000p,200000b,200000s
<C:/Users/rajas/AppData/Local/Programs/MiKTeX/fonts/type1/public/amsfonts/cm/
cmbx12.pfb><C:/Users/rajas/AppData/Local/Programs/MiKTeX/fonts/type1/public/ams
fonts/cm/cmmi12.pfb><C:/Users/rajas/AppData/Local/Programs/MiKTeX/fonts/type1/p
ublic/amsfonts/cm/cmr10.pfb><C:/Users/rajas/AppData/Local/Programs/MiKTeX/fonts
/type1/public/amsfonts/cm/cmr12.pfb><C:/Users/rajas/AppData/Local/Programs/MiKT
eX/fonts/type1/public/amsfonts/cm/cmr17.pfb><C:/Users/rajas/AppData/Local/Progr
ams/MiKTeX/fonts/type1/public/amsfonts/cm/cmsy10.pfb><C:/Users/rajas/AppData/Lo
cal/Programs/MiKTeX/fonts/type1/public/amsfonts/cm/cmti12.pfb><C:/Users/rajas/A
ppData/Local/Programs/MiKTeX/fonts/type1/public/amsfonts/cm/cmtt12.pfb><C:/User
s/rajas/AppData/Local/Programs/MiKTeX/fonts/type1/public/cm-super/sfrm1200.pfb>

Output written on research_progress_03_04_2026.pdf (22 pages, 1112252 bytes).
PDF statistics:
 687 PDF objects out of 1000 (max. 8388607)
 63 named destinations out of 1000 (max. 500000)
 378 words of extra memory for PDF output out of 10000 (max. 10000000)

